<?xml version="1.0" encoding="UTF-8"?>
<!-- Generated by org.testng.reporters.JUnitReportReporter -->
<testsuite hostname="DESKTOP-KUM2H3I" failures="0" tests="1" name="jpetstore.tests.FailedLoginTests" time="5.635" errors="0" timestamp="02 mar 2019 15:05:31 GMT" skipped="0">
  <testcase classname="jpetstore.tests.FailedLoginTests" name="asUserTryToLogInWithIncorrectLoginAndPassword" time="5.635"/>
</testsuite> <!-- jpetstore.tests.FailedLoginTests -->
