<?xml version="1.0" encoding="UTF-8"?>
<!-- Generated by org.testng.reporters.JUnitReportReporter -->
<testsuite hostname="DESKTOP-KUM2H3I" failures="0" tests="1" name="jpetstore.tests.PositiveLoginTests" time="6.472" errors="0" timestamp="01 mar 2019 18:32:35 GMT" skipped="0">
  <testcase classname="jpetstore.tests.PositiveLoginTests" name="asUserLoginUsingValidLoginAndPassword" time="6.472"/>
</testsuite> <!-- jpetstore.tests.PositiveLoginTests -->
