<?xml version="1.0" encoding="UTF-8"?>
<!-- Generated by org.testng.reporters.JUnitReportReporter -->
<testsuite hostname="DESKTOP-KUM2H3I" failures="0" tests="1" name="jpetstore.tests.FailedLoginTests" time="7.784" errors="0" timestamp="01 mar 2019 20:13:29 GMT" skipped="0">
  <testcase classname="jpetstore.tests.FailedLoginTests" name="asUserTryToLogInWithIncorrectLoginAndPassword" time="7.784"/>
</testsuite> <!-- jpetstore.tests.FailedLoginTests -->
