<?xml version="1.0" encoding="UTF-8"?>
<!-- Generated by org.testng.reporters.JUnitReportReporter -->
<testsuite hostname="DESKTOP-KUM2H3I" failures="0" tests="1" name="jpetstore.tests.FailedLoginTests" time="6.908" errors="0" timestamp="01 mar 2019 18:32:35 GMT" skipped="0">
  <testcase classname="jpetstore.tests.FailedLoginTests" name="asUserTryToLogInWithIncorrectLoginAndPassword" time="6.908"/>
</testsuite> <!-- jpetstore.tests.FailedLoginTests -->
