<?xml version="1.0" encoding="UTF-8"?>
<!-- Generated by org.testng.reporters.JUnitReportReporter -->
<testsuite hostname="DESKTOP-KUM2H3I" failures="0" tests="1" name="jpetstore.tests.ShoppingCartTest" time="6.383" errors="0" timestamp="27 lut 2019 18:55:48 GMT" skipped="0">
  <testcase classname="jpetstore.tests.ShoppingCartTest" name="asNotLoginUserTryToProceedToCheckout" time="6.383"/>
</testsuite> <!-- jpetstore.tests.ShoppingCartTest -->
